<?xml version="1.0" encoding="UTF-8"?>
<robot generator="Robot 4.1.3 (Python 3.10.4 on win32)" generated="20220531 17:06:56.182" rpa="false" schemaversion="2">
<suite id="s1" name="Register Suite Excel Sheet" source="C:\NCS Python\Demo_webshop\Register_suite\register_suite_excel_sheet.robot">
<test id="s1-t1" name="TC1">
<kw name="Launch browser" library="common_functionality" type="SETUP">
<if>
<branch type="IF" condition="'${BROWSER_NAME}'== 'gc'">
<kw name="Open Browser" library="SeleniumLibrary">
<arg>browser=chrome</arg>
<arg>executable_path=${EXECDIR}${/}driver${/}chromedriver.exe</arg>
<doc>Opens a new browser instance to the optional ``url``.</doc>
<msg timestamp="20220531 17:07:00.797" level="INFO">Opening browser 'chrome' to base url 'None'.</msg>
<status status="PASS" starttime="20220531 17:07:00.796" endtime="20220531 17:07:05.289"/>
</kw>
<status status="PASS" starttime="20220531 17:07:00.796" endtime="20220531 17:07:05.290"/>
</branch>
<branch type="ELSE">
<kw name="Open Browser" library="SeleniumLibrary">
<arg>browser=ff</arg>
<arg>executable_path=${EXECDIR}${/}driver${/}geckodriver.exe</arg>
<doc>Opens a new browser instance to the optional ``url``.</doc>
<status status="NOT RUN" starttime="20220531 17:07:05.290" endtime="20220531 17:07:05.290"/>
</kw>
<status status="NOT RUN" starttime="20220531 17:07:05.290" endtime="20220531 17:07:05.290"/>
</branch>
<status status="PASS" starttime="20220531 17:07:00.796" endtime="20220531 17:07:05.290"/>
</if>
<kw name="Maximize Browser Window" library="SeleniumLibrary">
<doc>Maximizes current browser window.</doc>
<status status="PASS" starttime="20220531 17:07:05.290" endtime="20220531 17:07:05.443"/>
</kw>
<kw name="Set Selenium Implicit Wait" library="SeleniumLibrary">
<arg>30s</arg>
<doc>Sets the implicit wait value used by Selenium.</doc>
<status status="PASS" starttime="20220531 17:07:05.443" endtime="20220531 17:07:05.446"/>
</kw>
<kw name="Set Screenshot Directory" library="SeleniumLibrary">
<arg>path=${EXECDIR}${/}screenshots</arg>
<doc>Sets the directory for captured screenshots.</doc>
<status status="PASS" starttime="20220531 17:07:05.446" endtime="20220531 17:07:05.447"/>
</kw>
<kw name="Go To" library="SeleniumLibrary">
<arg>url=${URL}</arg>
<doc>Navigates the current browser window to the provided ``url``.</doc>
<msg timestamp="20220531 17:07:05.448" level="INFO">Opening url 'http://demowebshop.tricentis.com/'</msg>
<status status="PASS" starttime="20220531 17:07:05.448" endtime="20220531 17:07:07.237"/>
</kw>
<status status="PASS" starttime="20220531 17:07:00.796" endtime="20220531 17:07:07.237"/>
</kw>
<kw name="TC valid register suite">
<arg>akash</arg>
<arg>shinde</arg>
<arg>shindeakash121@gmail.com</arg>
<arg>Chetan@123</arg>
<arg>Chetan@123</arg>
<kw name="Click Element" library="SeleniumLibrary">
<arg>partial link=Register</arg>
<doc>Click the element identified by ``locator``.</doc>
<msg timestamp="20220531 17:07:07.239" level="INFO">Clicking element 'partial link=Register'.</msg>
<status status="PASS" starttime="20220531 17:07:07.239" endtime="20220531 17:07:07.793"/>
</kw>
<kw name="Click Element" library="SeleniumLibrary">
<arg>id=gender-male</arg>
<doc>Click the element identified by ``locator``.</doc>
<msg timestamp="20220531 17:07:07.794" level="INFO">Clicking element 'id=gender-male'.</msg>
<status status="PASS" starttime="20220531 17:07:07.793" endtime="20220531 17:07:07.851"/>
</kw>
<kw name="Input Text" library="SeleniumLibrary">
<arg>id=FirstName</arg>
<arg>${first_name}</arg>
<doc>Types the given ``text`` into the text field identified by ``locator``.</doc>
<msg timestamp="20220531 17:07:07.852" level="INFO">Typing text 'akash' into text field 'id=FirstName'.</msg>
<status status="PASS" starttime="20220531 17:07:07.851" endtime="20220531 17:07:07.954"/>
</kw>
<kw name="Input Text" library="SeleniumLibrary">
<arg>id=LastName</arg>
<arg>${last_name}</arg>
<doc>Types the given ``text`` into the text field identified by ``locator``.</doc>
<msg timestamp="20220531 17:07:07.954" level="INFO">Typing text 'shinde' into text field 'id=LastName'.</msg>
<status status="PASS" starttime="20220531 17:07:07.954" endtime="20220531 17:07:08.065"/>
</kw>
<kw name="Input Text" library="SeleniumLibrary">
<arg>id=Email</arg>
<arg>${email}</arg>
<doc>Types the given ``text`` into the text field identified by ``locator``.</doc>
<msg timestamp="20220531 17:07:08.066" level="INFO">Typing text 'shindeakash121@gmail.com' into text field 'id=Email'.</msg>
<status status="PASS" starttime="20220531 17:07:08.065" endtime="20220531 17:07:08.195"/>
</kw>
<kw name="Input Password" library="SeleniumLibrary">
<arg>id=Password</arg>
<arg>${password}</arg>
<doc>Types the given password into the text field identified by ``locator``.</doc>
<msg timestamp="20220531 17:07:08.196" level="INFO">Typing password into text field 'id=Password'.</msg>
<msg timestamp="20220531 17:07:08.248" level="INFO">Temporally setting log level to: NONE</msg>
<msg timestamp="20220531 17:07:08.316" level="INFO">Log level changed from NONE to INFO.</msg>
<status status="PASS" starttime="20220531 17:07:08.195" endtime="20220531 17:07:08.316"/>
</kw>
<kw name="Input Password" library="SeleniumLibrary">
<arg>id=ConfirmPassword</arg>
<arg>${re_password}</arg>
<doc>Types the given password into the text field identified by ``locator``.</doc>
<msg timestamp="20220531 17:07:08.317" level="INFO">Typing password into text field 'id=ConfirmPassword'.</msg>
<msg timestamp="20220531 17:07:08.364" level="INFO">Temporally setting log level to: NONE</msg>
<msg timestamp="20220531 17:07:08.422" level="INFO">Log level changed from NONE to INFO.</msg>
<status status="PASS" starttime="20220531 17:07:08.316" endtime="20220531 17:07:08.422"/>
</kw>
<kw name="Close Browser" library="SeleniumLibrary">
<doc>Closes the current browser.</doc>
<status status="PASS" starttime="20220531 17:07:08.423" endtime="20220531 17:07:11.374"/>
</kw>
<status status="PASS" starttime="20220531 17:07:07.238" endtime="20220531 17:07:11.374"/>
</kw>
<kw name="End Browser" library="common_functionality" type="TEARDOWN">
<kw name="Capture Page Screenshot" library="SeleniumLibrary">
<doc>Takes a screenshot of the current page and embeds it into a log file.</doc>
<msg timestamp="20220531 17:07:11.377" level="INFO">Cannot capture screenshot because no browser is open.</msg>
<status status="PASS" starttime="20220531 17:07:11.376" endtime="20220531 17:07:11.377"/>
</kw>
<kw name="Close Browser" library="SeleniumLibrary">
<doc>Closes the current browser.</doc>
<status status="PASS" starttime="20220531 17:07:11.377" endtime="20220531 17:07:11.377"/>
</kw>
<status status="PASS" starttime="20220531 17:07:11.375" endtime="20220531 17:07:11.377"/>
</kw>
<kw name="Stop Recording Test" library="AutoRecorder">
<arg>TC1</arg>
<doc>There is no need to execute this keyword manually.
Basically - alias for https://mihaiparvu.github.io/ScreenCapLibrary/ScreenCapLibrary.html#Stop%20Video%20Recording</doc>
<msg timestamp="20220531 17:07:11.404" level="INFO" html="true">&lt;a href="recording_14.webm"&gt;&lt;video width="800px" autoplay&gt;&lt;source src="recording_14.webm" type="video/webm"&gt;&lt;/video&gt;&lt;/a&gt;</msg>
<status status="PASS" starttime="20220531 17:07:11.378" endtime="20220531 17:07:11.404"/>
</kw>
<status status="PASS" starttime="20220531 17:06:58.656" endtime="20220531 17:07:11.378"/>
</test>
<status status="PASS" starttime="20220531 17:06:56.185" endtime="20220531 17:07:11.406"/>
</suite>
<statistics>
<total>
<stat pass="1" fail="0" skip="0">All Tests</stat>
</total>
<tag>
</tag>
<suite>
<stat pass="1" fail="0" skip="0" id="s1" name="Register Suite Excel Sheet">Register Suite Excel Sheet</stat>
</suite>
</statistics>
<errors>
</errors>
</robot>
